%!Adobe-FontList 1.18
%Locale:0x409

%BeginFont
Handler:DirectoryHandler
FontType:TrueType
FontName:Roboto-Bold
FamilyName:Roboto
StyleName:Bold
FullName:Roboto Bold
MenuName:Roboto
StyleBits:2
WritingScript:Roman
OutlineFileName:D:\WebProjects\WebCV\Font\roboto\Roboto-Bold.ttf
DataFormat:sfntData
hasSVG:no
FileLength:127744
FileModTime:1488362050
WeightClass:700
WidthClass:5
AngleClass:0
NameArray:0,Mac,18,Roboto Bold
NameArray:0,Mac,4,Roboto Bold
NameArray:0,Win,1,Roboto
%EndFont

%BeginFont
Handler:DirectoryHandler
FontType:Invalid
OutlineFileName:D:\WebProjects\WebCV\Font\roboto\Roboto-Bold.woff
FileModTime:1488362050
%EndFont

%BeginFont
Handler:DirectoryHandler
FontType:Invalid
OutlineFileName:D:\WebProjects\WebCV\Font\roboto\Roboto-Bold.woff2
FileModTime:1488362050
%EndFont

%BeginFont
Handler:DirectoryHandler
FontType:TrueType
FontName:Roboto-Light
FamilyName:Roboto
StyleName:Light
FullName:Roboto Light
MenuName:Roboto
StyleBits:0
WritingScript:Roman
OutlineFileName:D:\WebProjects\WebCV\Font\roboto\Roboto-Light.ttf
DataFormat:sfntData
hasSVG:no
FileLength:126792
FileModTime:1488362050
WeightClass:300
WidthClass:5
AngleClass:0
NameArray:0,Mac,18,Roboto Light
NameArray:0,Mac,4,Roboto Light
NameArray:0,Win,1,Roboto
NameArray:0,Win,16,Roboto
%EndFont

%BeginFont
Handler:DirectoryHandler
FontType:Invalid
OutlineFileName:D:\WebProjects\WebCV\Font\roboto\Roboto-Light.woff
FileModTime:1488362050
%EndFont

%BeginFont
Handler:DirectoryHandler
FontType:Invalid
OutlineFileName:D:\WebProjects\WebCV\Font\roboto\Roboto-Light.woff2
FileModTime:1488362050
%EndFont

%BeginFont
Handler:DirectoryHandler
FontType:TrueType
FontName:Roboto-Medium
FamilyName:Roboto
StyleName:Medium
FullName:Roboto Medium
MenuName:Roboto
StyleBits:0
WritingScript:Roman
OutlineFileName:D:\WebProjects\WebCV\Font\roboto\Roboto-Medium.ttf
DataFormat:sfntData
hasSVG:no
FileLength:127488
FileModTime:1488362050
WeightClass:500
WidthClass:5
AngleClass:0
NameArray:0,Mac,18,Roboto Medium
NameArray:0,Mac,4,Roboto Medium
NameArray:0,Win,1,Roboto
NameArray:0,Win,16,Roboto
%EndFont

%BeginFont
Handler:DirectoryHandler
FontType:Invalid
OutlineFileName:D:\WebProjects\WebCV\Font\roboto\Roboto-Medium.woff
FileModTime:1488362050
%EndFont

%BeginFont
Handler:DirectoryHandler
FontType:Invalid
OutlineFileName:D:\WebProjects\WebCV\Font\roboto\Roboto-Medium.woff2
FileModTime:1488362050
%EndFont

%BeginFont
Handler:DirectoryHandler
FontType:TrueType
FontName:Roboto-Regular
FamilyName:Roboto
StyleName:Regular
FullName:Roboto Regular
MenuName:Roboto
StyleBits:0
WritingScript:Roman
OutlineFileName:D:\WebProjects\WebCV\Font\roboto\Roboto-Regular.ttf
DataFormat:sfntData
hasSVG:no
FileLength:126072
FileModTime:1488362050
WeightClass:400
WidthClass:5
AngleClass:0
NameArray:0,Mac,18,Roboto Regular
NameArray:0,Mac,4,Roboto Regular
NameArray:0,Win,1,Roboto
%EndFont

%BeginFont
Handler:DirectoryHandler
FontType:Invalid
OutlineFileName:D:\WebProjects\WebCV\Font\roboto\Roboto-Regular.woff
FileModTime:1488362050
%EndFont

%BeginFont
Handler:DirectoryHandler
FontType:Invalid
OutlineFileName:D:\WebProjects\WebCV\Font\roboto\Roboto-Regular.woff2
FileModTime:1488362050
%EndFont

%BeginFont
Handler:DirectoryHandler
FontType:TrueType
FontName:Roboto-Thin
FamilyName:Roboto
StyleName:Thin
FullName:Roboto Thin
MenuName:Roboto
StyleBits:0
WritingScript:Roman
OutlineFileName:D:\WebProjects\WebCV\Font\roboto\Roboto-Thin.ttf
DataFormat:sfntData
hasSVG:no
FileLength:127584
FileModTime:1488362050
WeightClass:250
WidthClass:5
AngleClass:0
NameArray:0,Mac,18,Roboto Thin
NameArray:0,Mac,4,Roboto Thin
NameArray:0,Win,1,Roboto
NameArray:0,Win,16,Roboto
%EndFont

%BeginFont
Handler:DirectoryHandler
FontType:Invalid
OutlineFileName:D:\WebProjects\WebCV\Font\roboto\Roboto-Thin.woff
FileModTime:1488362050
%EndFont

%BeginFont
Handler:DirectoryHandler
FontType:Invalid
OutlineFileName:D:\WebProjects\WebCV\Font\roboto\Roboto-Thin.woff2
FileModTime:1488362050
%EndFont

